<?xml version="1.0" encoding="UTF-8"?>
<testng-results skipped="0" failed="0" ignored="0" total="1" passed="1">
  <reporter-output>
  </reporter-output>
  <suite name="Default suite" duration-ms="130174" started-at="2019-10-04T19:20:57 IST" finished-at="2019-10-04T19:23:07 IST">
    <groups>
    </groups>
    <test name="Default test" duration-ms="130174" started-at="2019-10-04T19:20:57 IST" finished-at="2019-10-04T19:23:07 IST">
      <class name="pageobjectmodel.TC_001_SignIn">
        <test-method status="PASS" signature="signInTest()[pri:0, instance:pageobjectmodel.TC_001_SignIn@3ffcd140]" name="signInTest" duration-ms="130134" started-at="2019-10-04T19:20:57 IST" finished-at="2019-10-04T19:23:07 IST">
          <reporter-output>
          </reporter-output>
        </test-method> <!-- signInTest -->
      </class> <!-- pageobjectmodel.TC_001_SignIn -->
    </test> <!-- Default test -->
  </suite> <!-- Default suite -->
</testng-results>
